-------------------------------------------------------------------------------
Test set: demo.fixer.app.FixerDemoApplicationTest
-------------------------------------------------------------------------------
Tests run: 9, Failures: 0, Errors: 8, Skipped: 0, Time elapsed: 5.074 sec <<< FAILURE! - in demo.fixer.app.FixerDemoApplicationTest
testAppGetRatesWithInvalidTargetParamError(demo.fixer.app.FixerDemoApplicationTest)  Time elapsed: 0.428 sec  <<< ERROR!
org.springframework.http.converter.HttpMessageNotReadableException: Could not read document: Can not instantiate value of type [simple type, class demo.fixer.model.Status] from Integral number (404); no single-int-arg constructor/factory method
 at [Source: java.io.PushbackInputStream@21280cbb; line: 2, column: 30] (through reference chain: demo.fixer.model.Result["status"]); nested exception is com.fasterxml.jackson.databind.JsonMappingException: Can not instantiate value of type [simple type, class demo.fixer.model.Status] from Integral number (404); no single-int-arg constructor/factory method
 at [Source: java.io.PushbackInputStream@21280cbb; line: 2, column: 30] (through reference chain: demo.fixer.model.Result["status"])
	at com.fasterxml.jackson.databind.JsonMappingException.from(JsonMappingException.java:148)
	at com.fasterxml.jackson.databind.DeserializationContext.mappingException(DeserializationContext.java:843)
	at com.fasterxml.jackson.databind.deser.std.StdValueInstantiator.createFromInt(StdValueInstantiator.java:304)
	at com.fasterxml.jackson.databind.deser.BeanDeserializerBase.deserializeFromNumber(BeanDeserializerBase.java:1107)
	at com.fasterxml.jackson.databind.deser.BeanDeserializer._deserializeOther(BeanDeserializer.java:155)
	at com.fasterxml.jackson.databind.deser.BeanDeserializer.deserialize(BeanDeserializer.java:144)
	at com.fasterxml.jackson.databind.deser.SettableBeanProperty.deserialize(SettableBeanProperty.java:523)
	at com.fasterxml.jackson.databind.deser.impl.MethodProperty.deserializeAndSet(MethodProperty.java:95)
	at com.fasterxml.jackson.databind.deser.impl.BeanPropertyMap.findDeserializeAndSet(BeanPropertyMap.java:285)
	at com.fasterxml.jackson.databind.deser.BeanDeserializer.deserializeFromObject(BeanDeserializer.java:335)
	at com.fasterxml.jackson.databind.deser.BeanDeserializer.deserialize(BeanDeserializer.java:142)
	at com.fasterxml.jackson.databind.ObjectMapper._readMapAndClose(ObjectMapper.java:3562)
	at com.fasterxml.jackson.databind.ObjectMapper.readValue(ObjectMapper.java:2662)
	at org.springframework.http.converter.json.AbstractJackson2HttpMessageConverter.readJavaType(AbstractJackson2HttpMessageConverter.java:225)
	at org.springframework.http.converter.json.AbstractJackson2HttpMessageConverter.read(AbstractJackson2HttpMessageConverter.java:213)
	at org.springframework.web.client.HttpMessageConverterExtractor.extractData(HttpMessageConverterExtractor.java:95)
	at org.springframework.web.client.RestTemplate.doExecute(RestTemplate.java:622)
	at org.springframework.web.client.RestTemplate.execute(RestTemplate.java:580)
	at org.springframework.web.client.RestTemplate.getForObject(RestTemplate.java:287)
	at org.springframework.boot.test.web.client.TestRestTemplate.getForObject(TestRestTemplate.java:180)
	at demo.fixer.app.FixerDemoApplicationTest.testAppGetRatesWithInvalidTargetParamError(FixerDemoApplicationTest.java:63)

testAppGetRatesWithInvalidTimestampParamError(demo.fixer.app.FixerDemoApplicationTest)  Time elapsed: 0.012 sec  <<< ERROR!
org.springframework.http.converter.HttpMessageNotReadableException: Could not read document: Can not instantiate value of type [simple type, class demo.fixer.model.Status] from Integral number (404); no single-int-arg constructor/factory method
 at [Source: java.io.PushbackInputStream@27502e5c; line: 2, column: 30] (through reference chain: demo.fixer.model.Result["status"]); nested exception is com.fasterxml.jackson.databind.JsonMappingException: Can not instantiate value of type [simple type, class demo.fixer.model.Status] from Integral number (404); no single-int-arg constructor/factory method
 at [Source: java.io.PushbackInputStream@27502e5c; line: 2, column: 30] (through reference chain: demo.fixer.model.Result["status"])
	at com.fasterxml.jackson.databind.JsonMappingException.from(JsonMappingException.java:148)
	at com.fasterxml.jackson.databind.DeserializationContext.mappingException(DeserializationContext.java:843)
	at com.fasterxml.jackson.databind.deser.std.StdValueInstantiator.createFromInt(StdValueInstantiator.java:304)
	at com.fasterxml.jackson.databind.deser.BeanDeserializerBase.deserializeFromNumber(BeanDeserializerBase.java:1107)
	at com.fasterxml.jackson.databind.deser.BeanDeserializer._deserializeOther(BeanDeserializer.java:155)
	at com.fasterxml.jackson.databind.deser.BeanDeserializer.deserialize(BeanDeserializer.java:144)
	at com.fasterxml.jackson.databind.deser.SettableBeanProperty.deserialize(SettableBeanProperty.java:523)
	at com.fasterxml.jackson.databind.deser.impl.MethodProperty.deserializeAndSet(MethodProperty.java:95)
	at com.fasterxml.jackson.databind.deser.impl.BeanPropertyMap.findDeserializeAndSet(BeanPropertyMap.java:285)
	at com.fasterxml.jackson.databind.deser.BeanDeserializer.deserializeFromObject(BeanDeserializer.java:335)
	at com.fasterxml.jackson.databind.deser.BeanDeserializer.deserialize(BeanDeserializer.java:142)
	at com.fasterxml.jackson.databind.ObjectMapper._readMapAndClose(ObjectMapper.java:3562)
	at com.fasterxml.jackson.databind.ObjectMapper.readValue(ObjectMapper.java:2662)
	at org.springframework.http.converter.json.AbstractJackson2HttpMessageConverter.readJavaType(AbstractJackson2HttpMessageConverter.java:225)
	at org.springframework.http.converter.json.AbstractJackson2HttpMessageConverter.read(AbstractJackson2HttpMessageConverter.java:213)
	at org.springframework.web.client.HttpMessageConverterExtractor.extractData(HttpMessageConverterExtractor.java:95)
	at org.springframework.web.client.RestTemplate.doExecute(RestTemplate.java:622)
	at org.springframework.web.client.RestTemplate.execute(RestTemplate.java:580)
	at org.springframework.web.client.RestTemplate.getForObject(RestTemplate.java:287)
	at org.springframework.boot.test.web.client.TestRestTemplate.getForObject(TestRestTemplate.java:180)
	at demo.fixer.app.FixerDemoApplicationTest.testAppGetRatesWithInvalidTimestampParamError(FixerDemoApplicationTest.java:69)

testAppGetRatesWithNoParamOK(demo.fixer.app.FixerDemoApplicationTest)  Time elapsed: 0.007 sec  <<< ERROR!
org.springframework.http.converter.HttpMessageNotReadableException: Could not read document: Can not instantiate value of type [simple type, class demo.fixer.model.Status] from Integral number (404); no single-int-arg constructor/factory method
 at [Source: java.io.PushbackInputStream@4b343b6d; line: 2, column: 30] (through reference chain: demo.fixer.model.Result["status"]); nested exception is com.fasterxml.jackson.databind.JsonMappingException: Can not instantiate value of type [simple type, class demo.fixer.model.Status] from Integral number (404); no single-int-arg constructor/factory method
 at [Source: java.io.PushbackInputStream@4b343b6d; line: 2, column: 30] (through reference chain: demo.fixer.model.Result["status"])
	at com.fasterxml.jackson.databind.JsonMappingException.from(JsonMappingException.java:148)
	at com.fasterxml.jackson.databind.DeserializationContext.mappingException(DeserializationContext.java:843)
	at com.fasterxml.jackson.databind.deser.std.StdValueInstantiator.createFromInt(StdValueInstantiator.java:304)
	at com.fasterxml.jackson.databind.deser.BeanDeserializerBase.deserializeFromNumber(BeanDeserializerBase.java:1107)
	at com.fasterxml.jackson.databind.deser.BeanDeserializer._deserializeOther(BeanDeserializer.java:155)
	at com.fasterxml.jackson.databind.deser.BeanDeserializer.deserialize(BeanDeserializer.java:144)
	at com.fasterxml.jackson.databind.deser.SettableBeanProperty.deserialize(SettableBeanProperty.java:523)
	at com.fasterxml.jackson.databind.deser.impl.MethodProperty.deserializeAndSet(MethodProperty.java:95)
	at com.fasterxml.jackson.databind.deser.impl.BeanPropertyMap.findDeserializeAndSet(BeanPropertyMap.java:285)
	at com.fasterxml.jackson.databind.deser.BeanDeserializer.deserializeFromObject(BeanDeserializer.java:335)
	at com.fasterxml.jackson.databind.deser.BeanDeserializer.deserialize(BeanDeserializer.java:142)
	at com.fasterxml.jackson.databind.ObjectMapper._readMapAndClose(ObjectMapper.java:3562)
	at com.fasterxml.jackson.databind.ObjectMapper.readValue(ObjectMapper.java:2662)
	at org.springframework.http.converter.json.AbstractJackson2HttpMessageConverter.readJavaType(AbstractJackson2HttpMessageConverter.java:225)
	at org.springframework.http.converter.json.AbstractJackson2HttpMessageConverter.read(AbstractJackson2HttpMessageConverter.java:213)
	at org.springframework.web.client.HttpMessageConverterExtractor.extractData(HttpMessageConverterExtractor.java:95)
	at org.springframework.web.client.RestTemplate.doExecute(RestTemplate.java:622)
	at org.springframework.web.client.RestTemplate.execute(RestTemplate.java:580)
	at org.springframework.web.client.RestTemplate.getForObject(RestTemplate.java:287)
	at org.springframework.boot.test.web.client.TestRestTemplate.getForObject(TestRestTemplate.java:180)
	at demo.fixer.app.FixerDemoApplicationTest.testAppGetRatesWithNoParamOK(FixerDemoApplicationTest.java:33)

testAppGetRatesWithBaseTargetAndTimestampOK(demo.fixer.app.FixerDemoApplicationTest)  Time elapsed: 0.009 sec  <<< ERROR!
org.springframework.http.converter.HttpMessageNotReadableException: Could not read document: Can not instantiate value of type [simple type, class demo.fixer.model.Status] from Integral number (404); no single-int-arg constructor/factory method
 at [Source: java.io.PushbackInputStream@17d2b646; line: 2, column: 30] (through reference chain: demo.fixer.model.Result["status"]); nested exception is com.fasterxml.jackson.databind.JsonMappingException: Can not instantiate value of type [simple type, class demo.fixer.model.Status] from Integral number (404); no single-int-arg constructor/factory method
 at [Source: java.io.PushbackInputStream@17d2b646; line: 2, column: 30] (through reference chain: demo.fixer.model.Result["status"])
	at com.fasterxml.jackson.databind.JsonMappingException.from(JsonMappingException.java:148)
	at com.fasterxml.jackson.databind.DeserializationContext.mappingException(DeserializationContext.java:843)
	at com.fasterxml.jackson.databind.deser.std.StdValueInstantiator.createFromInt(StdValueInstantiator.java:304)
	at com.fasterxml.jackson.databind.deser.BeanDeserializerBase.deserializeFromNumber(BeanDeserializerBase.java:1107)
	at com.fasterxml.jackson.databind.deser.BeanDeserializer._deserializeOther(BeanDeserializer.java:155)
	at com.fasterxml.jackson.databind.deser.BeanDeserializer.deserialize(BeanDeserializer.java:144)
	at com.fasterxml.jackson.databind.deser.SettableBeanProperty.deserialize(SettableBeanProperty.java:523)
	at com.fasterxml.jackson.databind.deser.impl.MethodProperty.deserializeAndSet(MethodProperty.java:95)
	at com.fasterxml.jackson.databind.deser.impl.BeanPropertyMap.findDeserializeAndSet(BeanPropertyMap.java:285)
	at com.fasterxml.jackson.databind.deser.BeanDeserializer.deserializeFromObject(BeanDeserializer.java:335)
	at com.fasterxml.jackson.databind.deser.BeanDeserializer.deserialize(BeanDeserializer.java:142)
	at com.fasterxml.jackson.databind.ObjectMapper._readMapAndClose(ObjectMapper.java:3562)
	at com.fasterxml.jackson.databind.ObjectMapper.readValue(ObjectMapper.java:2662)
	at org.springframework.http.converter.json.AbstractJackson2HttpMessageConverter.readJavaType(AbstractJackson2HttpMessageConverter.java:225)
	at org.springframework.http.converter.json.AbstractJackson2HttpMessageConverter.read(AbstractJackson2HttpMessageConverter.java:213)
	at org.springframework.web.client.HttpMessageConverterExtractor.extractData(HttpMessageConverterExtractor.java:95)
	at org.springframework.web.client.RestTemplate.doExecute(RestTemplate.java:622)
	at org.springframework.web.client.RestTemplate.execute(RestTemplate.java:580)
	at org.springframework.web.client.RestTemplate.getForObject(RestTemplate.java:287)
	at org.springframework.boot.test.web.client.TestRestTemplate.getForObject(TestRestTemplate.java:180)
	at demo.fixer.app.FixerDemoApplicationTest.testAppGetRatesWithBaseTargetAndTimestampOK(FixerDemoApplicationTest.java:51)

testAppGetRatesWithBaseParamOK(demo.fixer.app.FixerDemoApplicationTest)  Time elapsed: 0.009 sec  <<< ERROR!
org.springframework.http.converter.HttpMessageNotReadableException: Could not read document: Can not instantiate value of type [simple type, class demo.fixer.model.Status] from Integral number (404); no single-int-arg constructor/factory method
 at [Source: java.io.PushbackInputStream@48ae9e8b; line: 2, column: 30] (through reference chain: demo.fixer.model.Result["status"]); nested exception is com.fasterxml.jackson.databind.JsonMappingException: Can not instantiate value of type [simple type, class demo.fixer.model.Status] from Integral number (404); no single-int-arg constructor/factory method
 at [Source: java.io.PushbackInputStream@48ae9e8b; line: 2, column: 30] (through reference chain: demo.fixer.model.Result["status"])
	at com.fasterxml.jackson.databind.JsonMappingException.from(JsonMappingException.java:148)
	at com.fasterxml.jackson.databind.DeserializationContext.mappingException(DeserializationContext.java:843)
	at com.fasterxml.jackson.databind.deser.std.StdValueInstantiator.createFromInt(StdValueInstantiator.java:304)
	at com.fasterxml.jackson.databind.deser.BeanDeserializerBase.deserializeFromNumber(BeanDeserializerBase.java:1107)
	at com.fasterxml.jackson.databind.deser.BeanDeserializer._deserializeOther(BeanDeserializer.java:155)
	at com.fasterxml.jackson.databind.deser.BeanDeserializer.deserialize(BeanDeserializer.java:144)
	at com.fasterxml.jackson.databind.deser.SettableBeanProperty.deserialize(SettableBeanProperty.java:523)
	at com.fasterxml.jackson.databind.deser.impl.MethodProperty.deserializeAndSet(MethodProperty.java:95)
	at com.fasterxml.jackson.databind.deser.impl.BeanPropertyMap.findDeserializeAndSet(BeanPropertyMap.java:285)
	at com.fasterxml.jackson.databind.deser.BeanDeserializer.deserializeFromObject(BeanDeserializer.java:335)
	at com.fasterxml.jackson.databind.deser.BeanDeserializer.deserialize(BeanDeserializer.java:142)
	at com.fasterxml.jackson.databind.ObjectMapper._readMapAndClose(ObjectMapper.java:3562)
	at com.fasterxml.jackson.databind.ObjectMapper.readValue(ObjectMapper.java:2662)
	at org.springframework.http.converter.json.AbstractJackson2HttpMessageConverter.readJavaType(AbstractJackson2HttpMessageConverter.java:225)
	at org.springframework.http.converter.json.AbstractJackson2HttpMessageConverter.read(AbstractJackson2HttpMessageConverter.java:213)
	at org.springframework.web.client.HttpMessageConverterExtractor.extractData(HttpMessageConverterExtractor.java:95)
	at org.springframework.web.client.RestTemplate.doExecute(RestTemplate.java:622)
	at org.springframework.web.client.RestTemplate.execute(RestTemplate.java:580)
	at org.springframework.web.client.RestTemplate.getForObject(RestTemplate.java:287)
	at org.springframework.boot.test.web.client.TestRestTemplate.getForObject(TestRestTemplate.java:180)
	at demo.fixer.app.FixerDemoApplicationTest.testAppGetRatesWithBaseParamOK(FixerDemoApplicationTest.java:39)

testAppGetRatesWithInvalidBaseParamError(demo.fixer.app.FixerDemoApplicationTest)  Time elapsed: 0.011 sec  <<< ERROR!
org.springframework.http.converter.HttpMessageNotReadableException: Could not read document: Can not instantiate value of type [simple type, class demo.fixer.model.Status] from Integral number (404); no single-int-arg constructor/factory method
 at [Source: java.io.PushbackInputStream@6eaa6b0c; line: 2, column: 30] (through reference chain: demo.fixer.model.Result["status"]); nested exception is com.fasterxml.jackson.databind.JsonMappingException: Can not instantiate value of type [simple type, class demo.fixer.model.Status] from Integral number (404); no single-int-arg constructor/factory method
 at [Source: java.io.PushbackInputStream@6eaa6b0c; line: 2, column: 30] (through reference chain: demo.fixer.model.Result["status"])
	at com.fasterxml.jackson.databind.JsonMappingException.from(JsonMappingException.java:148)
	at com.fasterxml.jackson.databind.DeserializationContext.mappingException(DeserializationContext.java:843)
	at com.fasterxml.jackson.databind.deser.std.StdValueInstantiator.createFromInt(StdValueInstantiator.java:304)
	at com.fasterxml.jackson.databind.deser.BeanDeserializerBase.deserializeFromNumber(BeanDeserializerBase.java:1107)
	at com.fasterxml.jackson.databind.deser.BeanDeserializer._deserializeOther(BeanDeserializer.java:155)
	at com.fasterxml.jackson.databind.deser.BeanDeserializer.deserialize(BeanDeserializer.java:144)
	at com.fasterxml.jackson.databind.deser.SettableBeanProperty.deserialize(SettableBeanProperty.java:523)
	at com.fasterxml.jackson.databind.deser.impl.MethodProperty.deserializeAndSet(MethodProperty.java:95)
	at com.fasterxml.jackson.databind.deser.impl.BeanPropertyMap.findDeserializeAndSet(BeanPropertyMap.java:285)
	at com.fasterxml.jackson.databind.deser.BeanDeserializer.deserializeFromObject(BeanDeserializer.java:335)
	at com.fasterxml.jackson.databind.deser.BeanDeserializer.deserialize(BeanDeserializer.java:142)
	at com.fasterxml.jackson.databind.ObjectMapper._readMapAndClose(ObjectMapper.java:3562)
	at com.fasterxml.jackson.databind.ObjectMapper.readValue(ObjectMapper.java:2662)
	at org.springframework.http.converter.json.AbstractJackson2HttpMessageConverter.readJavaType(AbstractJackson2HttpMessageConverter.java:225)
	at org.springframework.http.converter.json.AbstractJackson2HttpMessageConverter.read(AbstractJackson2HttpMessageConverter.java:213)
	at org.springframework.web.client.HttpMessageConverterExtractor.extractData(HttpMessageConverterExtractor.java:95)
	at org.springframework.web.client.RestTemplate.doExecute(RestTemplate.java:622)
	at org.springframework.web.client.RestTemplate.execute(RestTemplate.java:580)
	at org.springframework.web.client.RestTemplate.getForObject(RestTemplate.java:287)
	at org.springframework.boot.test.web.client.TestRestTemplate.getForObject(TestRestTemplate.java:180)
	at demo.fixer.app.FixerDemoApplicationTest.testAppGetRatesWithInvalidBaseParamError(FixerDemoApplicationTest.java:57)

testAppGetRatesWithBaseAndTargetOK(demo.fixer.app.FixerDemoApplicationTest)  Time elapsed: 0.007 sec  <<< ERROR!
org.springframework.http.converter.HttpMessageNotReadableException: Could not read document: Can not instantiate value of type [simple type, class demo.fixer.model.Status] from Integral number (404); no single-int-arg constructor/factory method
 at [Source: java.io.PushbackInputStream@4afcae7; line: 2, column: 30] (through reference chain: demo.fixer.model.Result["status"]); nested exception is com.fasterxml.jackson.databind.JsonMappingException: Can not instantiate value of type [simple type, class demo.fixer.model.Status] from Integral number (404); no single-int-arg constructor/factory method
 at [Source: java.io.PushbackInputStream@4afcae7; line: 2, column: 30] (through reference chain: demo.fixer.model.Result["status"])
	at com.fasterxml.jackson.databind.JsonMappingException.from(JsonMappingException.java:148)
	at com.fasterxml.jackson.databind.DeserializationContext.mappingException(DeserializationContext.java:843)
	at com.fasterxml.jackson.databind.deser.std.StdValueInstantiator.createFromInt(StdValueInstantiator.java:304)
	at com.fasterxml.jackson.databind.deser.BeanDeserializerBase.deserializeFromNumber(BeanDeserializerBase.java:1107)
	at com.fasterxml.jackson.databind.deser.BeanDeserializer._deserializeOther(BeanDeserializer.java:155)
	at com.fasterxml.jackson.databind.deser.BeanDeserializer.deserialize(BeanDeserializer.java:144)
	at com.fasterxml.jackson.databind.deser.SettableBeanProperty.deserialize(SettableBeanProperty.java:523)
	at com.fasterxml.jackson.databind.deser.impl.MethodProperty.deserializeAndSet(MethodProperty.java:95)
	at com.fasterxml.jackson.databind.deser.impl.BeanPropertyMap.findDeserializeAndSet(BeanPropertyMap.java:285)
	at com.fasterxml.jackson.databind.deser.BeanDeserializer.deserializeFromObject(BeanDeserializer.java:335)
	at com.fasterxml.jackson.databind.deser.BeanDeserializer.deserialize(BeanDeserializer.java:142)
	at com.fasterxml.jackson.databind.ObjectMapper._readMapAndClose(ObjectMapper.java:3562)
	at com.fasterxml.jackson.databind.ObjectMapper.readValue(ObjectMapper.java:2662)
	at org.springframework.http.converter.json.AbstractJackson2HttpMessageConverter.readJavaType(AbstractJackson2HttpMessageConverter.java:225)
	at org.springframework.http.converter.json.AbstractJackson2HttpMessageConverter.read(AbstractJackson2HttpMessageConverter.java:213)
	at org.springframework.web.client.HttpMessageConverterExtractor.extractData(HttpMessageConverterExtractor.java:95)
	at org.springframework.web.client.RestTemplate.doExecute(RestTemplate.java:622)
	at org.springframework.web.client.RestTemplate.execute(RestTemplate.java:580)
	at org.springframework.web.client.RestTemplate.getForObject(RestTemplate.java:287)
	at org.springframework.boot.test.web.client.TestRestTemplate.getForObject(TestRestTemplate.java:180)
	at demo.fixer.app.FixerDemoApplicationTest.testAppGetRatesWithBaseAndTargetOK(FixerDemoApplicationTest.java:45)

testAppGetRatesWithInvalidTimestampParamException(demo.fixer.app.FixerDemoApplicationTest)  Time elapsed: 0.009 sec  <<< ERROR!
org.springframework.http.converter.HttpMessageNotReadableException: Could not read document: Can not instantiate value of type [simple type, class demo.fixer.model.Status] from Integral number (404); no single-int-arg constructor/factory method
 at [Source: java.io.PushbackInputStream@6cd2cb2; line: 2, column: 30] (through reference chain: demo.fixer.model.Result["status"]); nested exception is com.fasterxml.jackson.databind.JsonMappingException: Can not instantiate value of type [simple type, class demo.fixer.model.Status] from Integral number (404); no single-int-arg constructor/factory method
 at [Source: java.io.PushbackInputStream@6cd2cb2; line: 2, column: 30] (through reference chain: demo.fixer.model.Result["status"])
	at com.fasterxml.jackson.databind.JsonMappingException.from(JsonMappingException.java:148)
	at com.fasterxml.jackson.databind.DeserializationContext.mappingException(DeserializationContext.java:843)
	at com.fasterxml.jackson.databind.deser.std.StdValueInstantiator.createFromInt(StdValueInstantiator.java:304)
	at com.fasterxml.jackson.databind.deser.BeanDeserializerBase.deserializeFromNumber(BeanDeserializerBase.java:1107)
	at com.fasterxml.jackson.databind.deser.BeanDeserializer._deserializeOther(BeanDeserializer.java:155)
	at com.fasterxml.jackson.databind.deser.BeanDeserializer.deserialize(BeanDeserializer.java:144)
	at com.fasterxml.jackson.databind.deser.SettableBeanProperty.deserialize(SettableBeanProperty.java:523)
	at com.fasterxml.jackson.databind.deser.impl.MethodProperty.deserializeAndSet(MethodProperty.java:95)
	at com.fasterxml.jackson.databind.deser.impl.BeanPropertyMap.findDeserializeAndSet(BeanPropertyMap.java:285)
	at com.fasterxml.jackson.databind.deser.BeanDeserializer.deserializeFromObject(BeanDeserializer.java:335)
	at com.fasterxml.jackson.databind.deser.BeanDeserializer.deserialize(BeanDeserializer.java:142)
	at com.fasterxml.jackson.databind.ObjectMapper._readMapAndClose(ObjectMapper.java:3562)
	at com.fasterxml.jackson.databind.ObjectMapper.readValue(ObjectMapper.java:2662)
	at org.springframework.http.converter.json.AbstractJackson2HttpMessageConverter.readJavaType(AbstractJackson2HttpMessageConverter.java:225)
	at org.springframework.http.converter.json.AbstractJackson2HttpMessageConverter.read(AbstractJackson2HttpMessageConverter.java:213)
	at org.springframework.web.client.HttpMessageConverterExtractor.extractData(HttpMessageConverterExtractor.java:95)
	at org.springframework.web.client.RestTemplate.doExecute(RestTemplate.java:622)
	at org.springframework.web.client.RestTemplate.execute(RestTemplate.java:580)
	at org.springframework.web.client.RestTemplate.getForObject(RestTemplate.java:287)
	at org.springframework.boot.test.web.client.TestRestTemplate.getForObject(TestRestTemplate.java:180)
	at demo.fixer.app.FixerDemoApplicationTest.testAppGetRatesWithInvalidTimestampParamException(FixerDemoApplicationTest.java:75)

